1617100691811	mozrunner::runner	INFO	Running command: "/Applications/Firefox.app/Contents/MacOS/firefox-bin" "-marionette" "-foreground" "-no-remote" "-profile" "/var/folders/ly/_5m_vd292bbfrnsbyv7c2qt00000gn/T/rust_mozprofile5dvI4W"
console.warn: SearchSettings: "get: No settings file exists, new profile?" (new Error("", "(unknown module)"))
1617100694710	Marionette	INFO	Listening on port 59847
1617100694747	Marionette	WARN	TLS certificate errors will be ignored for this session
JavaScript error: https://s3.eu-central-1.amazonaws.com/sc-devel/sc-tagmanager/filmaffinity.js, line 170: ReferenceError: bottomrightSlot is not defined
JavaScript error: https://s3.eu-central-1.amazonaws.com/sc-devel/sc-tagmanager/filmaffinity.js, line 170: ReferenceError: bottomrightSlot is not defined
JavaScript error: https://s3.eu-central-1.amazonaws.com/sc-devel/sc-tagmanager/filmaffinity.js, line 170: ReferenceError: bottomrightSlot is not defined
JavaScript error: https://s3.eu-central-1.amazonaws.com/sc-devel/sc-tagmanager/filmaffinity.js, line 170: ReferenceError: bottomrightSlot is not defined
JavaScript error: https://s3.eu-central-1.amazonaws.com/sc-devel/sc-tagmanager/filmaffinity.js, line 170: ReferenceError: bottomrightSlot is not defined
JavaScript error: https://s3.eu-central-1.amazonaws.com/sc-devel/sc-tagmanager/filmaffinity.js, line 170: ReferenceError: bottomrightSlot is not defined
JavaScript error: https://s3.eu-central-1.amazonaws.com/sc-devel/sc-tagmanager/filmaffinity.js, line 170: ReferenceError: bottomrightSlot is not defined
JavaScript error: https://s3.eu-central-1.amazonaws.com/sc-devel/sc-tagmanager/filmaffinity.js, line 170: ReferenceError: bottomrightSlot is not defined
JavaScript error: https://s3.eu-central-1.amazonaws.com/sc-devel/sc-tagmanager/filmaffinity.js, line 170: ReferenceError: bottomrightSlot is not defined
JavaScript error: https://s3.eu-central-1.amazonaws.com/sc-devel/sc-tagmanager/filmaffinity.js, line 170: ReferenceError: bottomrightSlot is not defined
JavaScript error: https://s3.eu-central-1.amazonaws.com/sc-devel/sc-tagmanager/filmaffinity.js, line 170: ReferenceError: bottomrightSlot is not defined
JavaScript error: https://s3.eu-central-1.amazonaws.com/sc-devel/sc-tagmanager/filmaffinity.js, line 170: ReferenceError: bottomrightSlot is not defined
1617101172379	Marionette	WARN	Ignoring event 'DOMContentLoaded' because document has an invalid readyState of 'complete'.
JavaScript error: https://s3.eu-central-1.amazonaws.com/sc-devel/sc-tagmanager/filmaffinity.js, line 170: ReferenceError: bottomrightSlot is not defined
console.log: WebExtensions: reset-default-search: No addons in our list are installed.
SourceActor threw an exception: [Exception... "Component returned failure code: 0x80470002 (NS_BASE_STREAM_CLOSED) [nsIInputStream.available]"  nsresult: "0x80470002 (NS_BASE_STREAM_CLOSED)"  location: "JS frame :: resource://devtools/shared/DevToolsUtils.js :: onResponse :: line 567"  data: no]
Stack: onResponse@resource://devtools/shared/DevToolsUtils.js:567:34
onStopRequest@resource://gre/modules/NetUtil.jsm:128:18
Line: 567, column: 0
console.error: ({})
JavaScript error: resource://devtools/shared/DevToolsUtils.js, line 567: NS_BASE_STREAM_CLOSED: Component returned failure code: 0x80470002 (NS_BASE_STREAM_CLOSED) [nsIInputStream.available]
JavaScript error: https://s3.eu-central-1.amazonaws.com/sc-devel/sc-tagmanager/filmaffinity.js, line 170: ReferenceError: bottomrightSlot is not defined
JavaScript error: https://s3.eu-central-1.amazonaws.com/sc-devel/sc-tagmanager/filmaffinity.js, line 170: ReferenceError: bottomrightSlot is not defined
JavaScript error: https://s3.eu-central-1.amazonaws.com/sc-devel/sc-tagmanager/filmaffinity.js, line 170: ReferenceError: bottomrightSlot is not defined
JavaScript error: https://s3.eu-central-1.amazonaws.com/sc-devel/sc-tagmanager/filmaffinity.js, line 170: ReferenceError: bottomrightSlot is not defined
JavaScript error: https://s3.eu-central-1.amazonaws.com/sc-devel/sc-tagmanager/filmaffinity.js, line 170: ReferenceError: bottomrightSlot is not defined
JavaScript error: https://s3.eu-central-1.amazonaws.com/sc-devel/sc-tagmanager/filmaffinity.js, line 170: ReferenceError: bottomrightSlot is not defined
JavaScript error: https://s3.eu-central-1.amazonaws.com/sc-devel/sc-tagmanager/filmaffinity.js, line 170: ReferenceError: bottomrightSlot is not defined
JavaScript error: https://s3.eu-central-1.amazonaws.com/sc-devel/sc-tagmanager/filmaffinity.js, line 170: ReferenceError: bottomrightSlot is not defined
JavaScript error: https://s3.eu-central-1.amazonaws.com/sc-devel/sc-tagmanager/filmaffinity.js, line 170: ReferenceError: bottomrightSlot is not defined
JavaScript error: https://s3.eu-central-1.amazonaws.com/sc-devel/sc-tagmanager/filmaffinity.js, line 170: ReferenceError: bottomrightSlot is not defined
JavaScript error: https://s3.eu-central-1.amazonaws.com/sc-devel/sc-tagmanager/filmaffinity.js, line 170: ReferenceError: bottomrightSlot is not defined
JavaScript error: https://s3.eu-central-1.amazonaws.com/sc-devel/sc-tagmanager/filmaffinity.js, line 170: ReferenceError: bottomrightSlot is not defined
JavaScript error: https://s3.eu-central-1.amazonaws.com/sc-devel/sc-tagmanager/filmaffinity.js, line 170: ReferenceError: bottomrightSlot is not defined
JavaScript error: https://s3.eu-central-1.amazonaws.com/sc-devel/sc-tagmanager/filmaffinity.js, line 170: ReferenceError: bottomrightSlot is not defined
JavaScript error: https://s3.eu-central-1.amazonaws.com/sc-devel/sc-tagmanager/filmaffinity.js, line 170: ReferenceError: bottomrightSlot is not defined
JavaScript error: https://s3.eu-central-1.amazonaws.com/sc-devel/sc-tagmanager/filmaffinity.js, line 170: ReferenceError: bottomrightSlot is not defined
JavaScript error: https://s3.eu-central-1.amazonaws.com/sc-devel/sc-tagmanager/filmaffinity.js, line 170: ReferenceError: bottomrightSlot is not defined
JavaScript error: https://s3.eu-central-1.amazonaws.com/sc-devel/sc-tagmanager/filmaffinity.js, line 170: ReferenceError: bottomrightSlot is not defined
JavaScript error: https://s3.eu-central-1.amazonaws.com/sc-devel/sc-tagmanager/filmaffinity.js, line 170: ReferenceError: bottomrightSlot is not defined
JavaScript error: https://s3.eu-central-1.amazonaws.com/sc-devel/sc-tagmanager/filmaffinity.js, line 170: ReferenceError: bottomrightSlot is not defined
JavaScript error: https://s3.eu-central-1.amazonaws.com/sc-devel/sc-tagmanager/filmaffinity.js, line 170: ReferenceError: bottomrightSlot is not defined
JavaScript error: https://s3.eu-central-1.amazonaws.com/sc-devel/sc-tagmanager/filmaffinity.js, line 170: ReferenceError: bottomrightSlot is not defined
JavaScript error: https://s3.eu-central-1.amazonaws.com/sc-devel/sc-tagmanager/filmaffinity.js, line 170: ReferenceError: bottomrightSlot is not defined
JavaScript error: https://s3.eu-central-1.amazonaws.com/sc-devel/sc-tagmanager/filmaffinity.js, line 170: ReferenceError: bottomrightSlot is not defined
JavaScript error: https://s3.eu-central-1.amazonaws.com/sc-devel/sc-tagmanager/filmaffinity.js, line 170: ReferenceError: bottomrightSlot is not defined
JavaScript error: https://s3.eu-central-1.amazonaws.com/sc-devel/sc-tagmanager/filmaffinity.js, line 170: ReferenceError: bottomrightSlot is not defined
JavaScript error: https://s3.eu-central-1.amazonaws.com/sc-devel/sc-tagmanager/filmaffinity.js, line 170: ReferenceError: bottomrightSlot is not defined
JavaScript error: https://s3.eu-central-1.amazonaws.com/sc-devel/sc-tagmanager/filmaffinity.js, line 170: ReferenceError: bottomrightSlot is not defined
JavaScript error: https://s3.eu-central-1.amazonaws.com/sc-devel/sc-tagmanager/filmaffinity.js, line 170: ReferenceError: bottomrightSlot is not defined
JavaScript error: https://s3.eu-central-1.amazonaws.com/sc-devel/sc-tagmanager/filmaffinity.js, line 170: ReferenceError: bottomrightSlot is not defined
JavaScript error: https://s3.eu-central-1.amazonaws.com/sc-devel/sc-tagmanager/filmaffinity.js, line 170: ReferenceError: bottomrightSlot is not defined
JavaScript error: https://s3.eu-central-1.amazonaws.com/sc-devel/sc-tagmanager/filmaffinity.js, line 170: ReferenceError: bottomrightSlot is not defined
JavaScript error: https://s3.eu-central-1.amazonaws.com/sc-devel/sc-tagmanager/filmaffinity.js, line 170: ReferenceError: bottomrightSlot is not defined
JavaScript error: https://s3.eu-central-1.amazonaws.com/sc-devel/sc-tagmanager/filmaffinity.js, line 170: ReferenceError: bottomrightSlot is not defined
JavaScript error: https://s3.eu-central-1.amazonaws.com/sc-devel/sc-tagmanager/filmaffinity.js, line 170: ReferenceError: bottomrightSlot is not defined
JavaScript error: https://s3.eu-central-1.amazonaws.com/sc-devel/sc-tagmanager/filmaffinity.js, line 170: ReferenceError: bottomrightSlot is not defined
JavaScript error: https://s3.eu-central-1.amazonaws.com/sc-devel/sc-tagmanager/filmaffinity.js, line 170: ReferenceError: bottomrightSlot is not defined
JavaScript error: https://s3.eu-central-1.amazonaws.com/sc-devel/sc-tagmanager/filmaffinity.js, line 170: ReferenceError: bottomrightSlot is not defined
JavaScript error: https://s3.eu-central-1.amazonaws.com/sc-devel/sc-tagmanager/filmaffinity.js, line 170: ReferenceError: bottomrightSlot is not defined
JavaScript error: https://s3.eu-central-1.amazonaws.com/sc-devel/sc-tagmanager/filmaffinity.js, line 170: ReferenceError: bottomrightSlot is not defined
JavaScript error: https://s3.eu-central-1.amazonaws.com/sc-devel/sc-tagmanager/filmaffinity.js, line 170: ReferenceError: bottomrightSlot is not defined
JavaScript error: https://s3.eu-central-1.amazonaws.com/sc-devel/sc-tagmanager/filmaffinity.js, line 170: ReferenceError: bottomrightSlot is not defined
JavaScript error: https://s3.eu-central-1.amazonaws.com/sc-devel/sc-tagmanager/filmaffinity.js, line 170: ReferenceError: bottomrightSlot is not defined
JavaScript error: https://s3.eu-central-1.amazonaws.com/sc-devel/sc-tagmanager/filmaffinity.js, line 170: ReferenceError: bottomrightSlot is not defined
JavaScript error: https://s3.eu-central-1.amazonaws.com/sc-devel/sc-tagmanager/filmaffinity.js, line 170: ReferenceError: bottomrightSlot is not defined
JavaScript error: https://s3.eu-central-1.amazonaws.com/sc-devel/sc-tagmanager/filmaffinity.js, line 170: ReferenceError: bottomrightSlot is not defined
JavaScript error: https://s3.eu-central-1.amazonaws.com/sc-devel/sc-tagmanager/filmaffinity.js, line 170: ReferenceError: bottomrightSlot is not defined
JavaScript error: https://s3.eu-central-1.amazonaws.com/sc-devel/sc-tagmanager/filmaffinity.js, line 170: ReferenceError: bottomrightSlot is not defined
JavaScript error: https://s3.eu-central-1.amazonaws.com/sc-devel/sc-tagmanager/filmaffinity.js, line 170: ReferenceError: bottomrightSlot is not defined
JavaScript error: https://s3.eu-central-1.amazonaws.com/sc-devel/sc-tagmanager/filmaffinity.js, line 170: ReferenceError: bottomrightSlot is not defined
JavaScript error: https://s3.eu-central-1.amazonaws.com/sc-devel/sc-tagmanager/filmaffinity.js, line 170: ReferenceError: bottomrightSlot is not defined
JavaScript error: https://s3.eu-central-1.amazonaws.com/sc-devel/sc-tagmanager/filmaffinity.js, line 170: ReferenceError: bottomrightSlot is not defined
JavaScript error: https://s3.eu-central-1.amazonaws.com/sc-devel/sc-tagmanager/filmaffinity.js, line 170: ReferenceError: bottomrightSlot is not defined
JavaScript error: https://s3.eu-central-1.amazonaws.com/sc-devel/sc-tagmanager/filmaffinity.js, line 170: ReferenceError: bottomrightSlot is not defined
JavaScript error: https://s3.eu-central-1.amazonaws.com/sc-devel/sc-tagmanager/filmaffinity.js, line 170: ReferenceError: bottomrightSlot is not defined
JavaScript error: https://s3.eu-central-1.amazonaws.com/sc-devel/sc-tagmanager/filmaffinity.js, line 170: ReferenceError: bottomrightSlot is not defined
JavaScript error: https://s3.eu-central-1.amazonaws.com/sc-devel/sc-tagmanager/filmaffinity.js, line 170: ReferenceError: bottomrightSlot is not defined
JavaScript error: https://s3.eu-central-1.amazonaws.com/sc-devel/sc-tagmanager/filmaffinity.js, line 170: ReferenceError: bottomrightSlot is not defined
JavaScript error: https://s3.eu-central-1.amazonaws.com/sc-devel/sc-tagmanager/filmaffinity.js, line 170: ReferenceError: bottomrightSlot is not defined
JavaScript error: https://s3.eu-central-1.amazonaws.com/sc-devel/sc-tagmanager/filmaffinity.js, line 170: ReferenceError: bottomrightSlot is not defined
JavaScript error: https://s3.eu-central-1.amazonaws.com/sc-devel/sc-tagmanager/filmaffinity.js, line 170: ReferenceError: bottomrightSlot is not defined
JavaScript error: https://s3.eu-central-1.amazonaws.com/sc-devel/sc-tagmanager/filmaffinity.js, line 170: ReferenceError: bottomrightSlot is not defined
JavaScript error: https://s3.eu-central-1.amazonaws.com/sc-devel/sc-tagmanager/filmaffinity.js, line 170: ReferenceError: bottomrightSlot is not defined
JavaScript error: https://s3.eu-central-1.amazonaws.com/sc-devel/sc-tagmanager/filmaffinity.js, line 170: ReferenceError: bottomrightSlot is not defined
JavaScript error: https://s3.eu-central-1.amazonaws.com/sc-devel/sc-tagmanager/filmaffinity.js, line 170: ReferenceError: bottomrightSlot is not defined
JavaScript error: https://s3.eu-central-1.amazonaws.com/sc-devel/sc-tagmanager/filmaffinity.js, line 170: ReferenceError: bottomrightSlot is not defined
JavaScript error: https://s3.eu-central-1.amazonaws.com/sc-devel/sc-tagmanager/filmaffinity.js, line 170: ReferenceError: bottomrightSlot is not defined
JavaScript error: https://s3.eu-central-1.amazonaws.com/sc-devel/sc-tagmanager/filmaffinity.js, line 170: ReferenceError: bottomrightSlot is not defined
JavaScript error: https://s3.eu-central-1.amazonaws.com/sc-devel/sc-tagmanager/filmaffinity.js, line 170: ReferenceError: bottomrightSlot is not defined
JavaScript error: https://s3.eu-central-1.amazonaws.com/sc-devel/sc-tagmanager/filmaffinity.js, line 170: ReferenceError: bottomrightSlot is not defined
JavaScript error: https://s3.eu-central-1.amazonaws.com/sc-devel/sc-tagmanager/filmaffinity.js, line 170: ReferenceError: bottomrightSlot is not defined
JavaScript error: https://s3.eu-central-1.amazonaws.com/sc-devel/sc-tagmanager/filmaffinity.js, line 170: ReferenceError: bottomrightSlot is not defined
JavaScript error: https://s3.eu-central-1.amazonaws.com/sc-devel/sc-tagmanager/filmaffinity.js, line 170: ReferenceError: bottomrightSlot is not defined
JavaScript error: https://s3.eu-central-1.amazonaws.com/sc-devel/sc-tagmanager/filmaffinity.js, line 170: ReferenceError: bottomrightSlot is not defined
JavaScript error: https://s3.eu-central-1.amazonaws.com/sc-devel/sc-tagmanager/filmaffinity.js, line 170: ReferenceError: bottomrightSlot is not defined
JavaScript error: https://s3.eu-central-1.amazonaws.com/sc-devel/sc-tagmanager/filmaffinity.js, line 170: ReferenceError: bottomrightSlot is not defined
JavaScript error: https://s3.eu-central-1.amazonaws.com/sc-devel/sc-tagmanager/filmaffinity.js, line 170: ReferenceError: bottomrightSlot is not defined
JavaScript error: https://s3.eu-central-1.amazonaws.com/sc-devel/sc-tagmanager/filmaffinity.js, line 170: ReferenceError: bottomrightSlot is not defined
JavaScript error: https://s3.eu-central-1.amazonaws.com/sc-devel/sc-tagmanager/filmaffinity.js, line 170: ReferenceError: bottomrightSlot is not defined
JavaScript error: https://s3.eu-central-1.amazonaws.com/sc-devel/sc-tagmanager/filmaffinity.js, line 170: ReferenceError: bottomrightSlot is not defined
JavaScript error: https://s3.eu-central-1.amazonaws.com/sc-devel/sc-tagmanager/filmaffinity.js, line 170: ReferenceError: bottomrightSlot is not defined
JavaScript error: https://s3.eu-central-1.amazonaws.com/sc-devel/sc-tagmanager/filmaffinity.js, line 170: ReferenceError: bottomrightSlot is not defined
JavaScript error: https://s3.eu-central-1.amazonaws.com/sc-devel/sc-tagmanager/filmaffinity.js, line 170: ReferenceError: bottomrightSlot is not defined
JavaScript error: https://s3.eu-central-1.amazonaws.com/sc-devel/sc-tagmanager/filmaffinity.js, line 170: ReferenceError: bottomrightSlot is not defined
JavaScript error: https://s3.eu-central-1.amazonaws.com/sc-devel/sc-tagmanager/filmaffinity.js, line 170: ReferenceError: bottomrightSlot is not defined
JavaScript error: https://s3.eu-central-1.amazonaws.com/sc-devel/sc-tagmanager/filmaffinity.js, line 170: ReferenceError: bottomrightSlot is not defined
JavaScript error: https://s3.eu-central-1.amazonaws.com/sc-devel/sc-tagmanager/filmaffinity.js, line 170: ReferenceError: bottomrightSlot is not defined
JavaScript error: https://s3.eu-central-1.amazonaws.com/sc-devel/sc-tagmanager/filmaffinity.js, line 170: ReferenceError: bottomrightSlot is not defined
JavaScript error: https://s3.eu-central-1.amazonaws.com/sc-devel/sc-tagmanager/filmaffinity.js, line 170: ReferenceError: bottomrightSlot is not defined
JavaScript error: https://s3.eu-central-1.amazonaws.com/sc-devel/sc-tagmanager/filmaffinity.js, line 170: ReferenceError: bottomrightSlot is not defined
JavaScript error: https://s3.eu-central-1.amazonaws.com/sc-devel/sc-tagmanager/filmaffinity.js, line 170: ReferenceError: bottomrightSlot is not defined
JavaScript error: https://s3.eu-central-1.amazonaws.com/sc-devel/sc-tagmanager/filmaffinity.js, line 170: ReferenceError: bottomrightSlot is not defined
JavaScript error: https://s3.eu-central-1.amazonaws.com/sc-devel/sc-tagmanager/filmaffinity.js, line 170: ReferenceError: bottomrightSlot is not defined
JavaScript error: https://s3.eu-central-1.amazonaws.com/sc-devel/sc-tagmanager/filmaffinity.js, line 170: ReferenceError: bottomrightSlot is not defined
JavaScript error: https://s3.eu-central-1.amazonaws.com/sc-devel/sc-tagmanager/filmaffinity.js, line 170: ReferenceError: bottomrightSlot is not defined
JavaScript error: https://s3.eu-central-1.amazonaws.com/sc-devel/sc-tagmanager/filmaffinity.js, line 170: ReferenceError: bottomrightSlot is not defined
JavaScript error: https://s3.eu-central-1.amazonaws.com/sc-devel/sc-tagmanager/filmaffinity.js, line 170: ReferenceError: bottomrightSlot is not defined
JavaScript error: https://s3.eu-central-1.amazonaws.com/sc-devel/sc-tagmanager/filmaffinity.js, line 170: ReferenceError: bottomrightSlot is not defined
JavaScript error: https://s3.eu-central-1.amazonaws.com/sc-devel/sc-tagmanager/filmaffinity.js, line 170: ReferenceError: bottomrightSlot is not defined
JavaScript error: https://s3.eu-central-1.amazonaws.com/sc-devel/sc-tagmanager/filmaffinity.js, line 170: ReferenceError: bottomrightSlot is not defined
JavaScript error: https://s3.eu-central-1.amazonaws.com/sc-devel/sc-tagmanager/filmaffinity.js, line 170: ReferenceError: bottomrightSlot is not defined
JavaScript error: https://s3.eu-central-1.amazonaws.com/sc-devel/sc-tagmanager/filmaffinity.js, line 170: ReferenceError: bottomrightSlot is not defined
JavaScript error: https://s3.eu-central-1.amazonaws.com/sc-devel/sc-tagmanager/filmaffinity.js, line 170: ReferenceError: bottomrightSlot is not defined
JavaScript error: https://s3.eu-central-1.amazonaws.com/sc-devel/sc-tagmanager/filmaffinity.js, line 170: ReferenceError: bottomrightSlot is not defined
JavaScript error: https://s3.eu-central-1.amazonaws.com/sc-devel/sc-tagmanager/filmaffinity.js, line 170: ReferenceError: bottomrightSlot is not defined
JavaScript error: https://s3.eu-central-1.amazonaws.com/sc-devel/sc-tagmanager/filmaffinity.js, line 170: ReferenceError: bottomrightSlot is not defined
JavaScript error: https://s3.eu-central-1.amazonaws.com/sc-devel/sc-tagmanager/filmaffinity.js, line 170: ReferenceError: bottomrightSlot is not defined
JavaScript error: https://s3.eu-central-1.amazonaws.com/sc-devel/sc-tagmanager/filmaffinity.js, line 170: ReferenceError: bottomrightSlot is not defined
JavaScript error: https://s3.eu-central-1.amazonaws.com/sc-devel/sc-tagmanager/filmaffinity.js, line 170: ReferenceError: bottomrightSlot is not defined
JavaScript error: https://s3.eu-central-1.amazonaws.com/sc-devel/sc-tagmanager/filmaffinity.js, line 170: ReferenceError: bottomrightSlot is not defined
JavaScript error: https://s3.eu-central-1.amazonaws.com/sc-devel/sc-tagmanager/filmaffinity.js, line 170: ReferenceError: bottomrightSlot is not defined
JavaScript error: https://s3.eu-central-1.amazonaws.com/sc-devel/sc-tagmanager/filmaffinity.js, line 170: ReferenceError: bottomrightSlot is not defined
JavaScript error: https://s3.eu-central-1.amazonaws.com/sc-devel/sc-tagmanager/filmaffinity.js, line 170: ReferenceError: bottomrightSlot is not defined
JavaScript error: https://s3.eu-central-1.amazonaws.com/sc-devel/sc-tagmanager/filmaffinity.js, line 170: ReferenceError: bottomrightSlot is not defined
JavaScript error: https://s3.eu-central-1.amazonaws.com/sc-devel/sc-tagmanager/filmaffinity.js, line 170: ReferenceError: bottomrightSlot is not defined
JavaScript error: https://s3.eu-central-1.amazonaws.com/sc-devel/sc-tagmanager/filmaffinity.js, line 170: ReferenceError: bottomrightSlot is not defined
JavaScript error: https://s3.eu-central-1.amazonaws.com/sc-devel/sc-tagmanager/filmaffinity.js, line 170: ReferenceError: bottomrightSlot is not defined
JavaScript error: https://s3.eu-central-1.amazonaws.com/sc-devel/sc-tagmanager/filmaffinity.js, line 170: ReferenceError: bottomrightSlot is not defined
JavaScript error: https://s3.eu-central-1.amazonaws.com/sc-devel/sc-tagmanager/filmaffinity.js, line 170: ReferenceError: bottomrightSlot is not defined
JavaScript error: https://s3.eu-central-1.amazonaws.com/sc-devel/sc-tagmanager/filmaffinity.js, line 170: ReferenceError: bottomrightSlot is not defined
JavaScript error: https://s3.eu-central-1.amazonaws.com/sc-devel/sc-tagmanager/filmaffinity.js, line 170: ReferenceError: bottomrightSlot is not defined
JavaScript error: https://s3.eu-central-1.amazonaws.com/sc-devel/sc-tagmanager/filmaffinity.js, line 170: ReferenceError: bottomrightSlot is not defined
console.error: "Error while calling actor 'pagestyle's method 'getApplied'" "node is null"
console.error: "getApplied@resource://devtools/server/actors/page-style.js:571:5\nhandler@resource://devtools/shared/protocol/Actor.js:172:37\nonPacket@resource://devtools/server/devtools-server-connection.js:379:58\nreceiveMessage@resource://devtools/shared/transport/child-transport.js:68:16\n"
console.error: (new TypeError("currentNode is null", "resource://devtools/client/inspector/shared/style-change-tracker.js", 66))
TypeError: currentNode is null: canMutationImpactCurrentStyles@resource://devtools/client/inspector/shared/style-change-tracker.js:66:20
onMutations@resource://devtools/client/inspector/shared/style-change-tracker.js:84:41
_emit@resource://devtools/shared/event-emitter.js:226:34
emit@resource://devtools/shared/event-emitter.js:172:18
emit@resource://devtools/shared/event-emitter.js:324:18
getMutations@resource://devtools/client/fronts/walker.js:358:10

JavaScript error: https://s3.eu-central-1.amazonaws.com/sc-devel/sc-tagmanager/filmaffinity.js, line 170: ReferenceError: bottomrightSlot is not defined
JavaScript error: https://s3.eu-central-1.amazonaws.com/sc-devel/sc-tagmanager/filmaffinity.js, line 170: ReferenceError: bottomrightSlot is not defined
JavaScript error: https://s3.eu-central-1.amazonaws.com/sc-devel/sc-tagmanager/filmaffinity.js, line 170: ReferenceError: bottomrightSlot is not defined
JavaScript error: https://s3.eu-central-1.amazonaws.com/sc-devel/sc-tagmanager/filmaffinity.js, line 170: ReferenceError: bottomrightSlot is not defined
JavaScript error: https://s3.eu-central-1.amazonaws.com/sc-devel/sc-tagmanager/filmaffinity.js, line 170: ReferenceError: bottomrightSlot is not defined
JavaScript error: https://s3.eu-central-1.amazonaws.com/sc-devel/sc-tagmanager/filmaffinity.js, line 170: ReferenceError: bottomrightSlot is not defined
JavaScript error: https://s3.eu-central-1.amazonaws.com/sc-devel/sc-tagmanager/filmaffinity.js, line 170: ReferenceError: bottomrightSlot is not defined
JavaScript error: https://s3.eu-central-1.amazonaws.com/sc-devel/sc-tagmanager/filmaffinity.js, line 170: ReferenceError: bottomrightSlot is not defined
JavaScript error: https://s3.eu-central-1.amazonaws.com/sc-devel/sc-tagmanager/filmaffinity.js, line 170: ReferenceError: bottomrightSlot is not defined
console.error: "Error while calling actor 'pagestyle's method 'getApplied'" "node is null"
console.error: "getApplied@resource://devtools/server/actors/page-style.js:571:5\nhandler@resource://devtools/shared/protocol/Actor.js:172:37\nonPacket@resource://devtools/server/devtools-server-connection.js:379:58\nreceiveMessage@resource://devtools/shared/transport/child-transport.js:68:16\n"
console.error: (new TypeError("currentNode is null", "resource://devtools/client/inspector/shared/style-change-tracker.js", 66))
TypeError: currentNode is null: canMutationImpactCurrentStyles@resource://devtools/client/inspector/shared/style-change-tracker.js:66:20
onMutations@resource://devtools/client/inspector/shared/style-change-tracker.js:84:41
_emit@resource://devtools/shared/event-emitter.js:226:34
emit@resource://devtools/shared/event-emitter.js:172:18
emit@resource://devtools/shared/event-emitter.js:324:18
getMutations@resource://devtools/client/fronts/walker.js:358:10

JavaScript error: https://s3.eu-central-1.amazonaws.com/sc-devel/sc-tagmanager/filmaffinity.js, line 170: ReferenceError: bottomrightSlot is not defined
JavaScript error: https://s3.eu-central-1.amazonaws.com/sc-devel/sc-tagmanager/filmaffinity.js, line 170: ReferenceError: bottomrightSlot is not defined
JavaScript error: https://s3.eu-central-1.amazonaws.com/sc-devel/sc-tagmanager/filmaffinity.js, line 170: ReferenceError: bottomrightSlot is not defined
JavaScript error: https://s3.eu-central-1.amazonaws.com/sc-devel/sc-tagmanager/filmaffinity.js, line 170: ReferenceError: bottomrightSlot is not defined
JavaScript error: https://s3.eu-central-1.amazonaws.com/sc-devel/sc-tagmanager/filmaffinity.js, line 170: ReferenceError: bottomrightSlot is not defined
JavaScript error: https://s3.eu-central-1.amazonaws.com/sc-devel/sc-tagmanager/filmaffinity.js, line 170: ReferenceError: bottomrightSlot is not defined
JavaScript error: https://s3.eu-central-1.amazonaws.com/sc-devel/sc-tagmanager/filmaffinity.js, line 170: ReferenceError: bottomrightSlot is not defined
JavaScript error: https://s3.eu-central-1.amazonaws.com/sc-devel/sc-tagmanager/filmaffinity.js, line 170: ReferenceError: bottomrightSlot is not defined
JavaScript error: https://s3.eu-central-1.amazonaws.com/sc-devel/sc-tagmanager/filmaffinity.js, line 170: ReferenceError: bottomrightSlot is not defined
JavaScript error: https://s3.eu-central-1.amazonaws.com/sc-devel/sc-tagmanager/filmaffinity.js, line 170: ReferenceError: bottomrightSlot is not defined
console.error: "Error while calling actor 'pagestyle's method 'getLayout'" "node is null"
console.error: "getLayout@resource://devtools/server/actors/page-style.js:1002:5\nhandler@resource://devtools/shared/protocol/Actor.js:172:37\nonPacket@resource://devtools/server/devtools-server-connection.js:379:58\nreceiveMessage@resource://devtools/shared/transport/child-transport.js:68:16\n"
console.error: (new Error("Protocol error (TypeError): node is null from: server0.conn0.child3/pagestyle32 (resource://devtools/server/actors/page-style.js:1002:5)", "resource://devtools/shared/protocol/Front.js", 361))
console.error: "Error writing request: getGrids"
JavaScript error: https://s3.eu-central-1.amazonaws.com/sc-devel/sc-tagmanager/filmaffinity.js, line 170: ReferenceError: bottomrightSlot is not defined
JavaScript error: https://s3.eu-central-1.amazonaws.com/sc-devel/sc-tagmanager/filmaffinity.js, line 170: ReferenceError: bottomrightSlot is not defined
JavaScript error: https://s3.eu-central-1.amazonaws.com/sc-devel/sc-tagmanager/filmaffinity.js, line 170: ReferenceError: bottomrightSlot is not defined
JavaScript error: https://s3.eu-central-1.amazonaws.com/sc-devel/sc-tagmanager/filmaffinity.js, line 170: ReferenceError: bottomrightSlot is not defined
JavaScript error: https://s3.eu-central-1.amazonaws.com/sc-devel/sc-tagmanager/filmaffinity.js, line 170: ReferenceError: bottomrightSlot is not defined
JavaScript error: https://s3.eu-central-1.amazonaws.com/sc-devel/sc-tagmanager/filmaffinity.js, line 170: ReferenceError: bottomrightSlot is not defined
JavaScript error: https://s3.eu-central-1.amazonaws.com/sc-devel/sc-tagmanager/filmaffinity.js, line 170: ReferenceError: bottomrightSlot is not defined
console.error: "Error writing request: getGrids"
console.error: "Error while calling actor 'pagestyle's method 'getApplied'" "node is null"
console.error: "getApplied@resource://devtools/server/actors/page-style.js:571:5\nhandler@resource://devtools/shared/protocol/Actor.js:172:37\nonPacket@resource://devtools/server/devtools-server-connection.js:379:58\nreceiveMessage@resource://devtools/shared/transport/child-transport.js:68:16\n"
console.error: (new Error("Protocol error (TypeError): node is null from: server0.conn0.child3/pagestyle32 (resource://devtools/server/actors/page-style.js:571:5)", "resource://devtools/shared/protocol/Front.js", 361))
console.error: "Error writing request: getGrids"
console.error: "Error while calling actor 'pagestyle's method 'getLayout'" "node is null"
console.error: "getLayout@resource://devtools/server/actors/page-style.js:1002:5\nhandler@resource://devtools/shared/protocol/Actor.js:172:37\nonPacket@resource://devtools/server/devtools-server-connection.js:379:58\nreceiveMessage@resource://devtools/shared/transport/child-transport.js:68:16\n"
console.error: (new Error("Protocol error (TypeError): node is null from: server0.conn0.child3/pagestyle32 (resource://devtools/server/actors/page-style.js:1002:5)", "resource://devtools/shared/protocol/Front.js", 361))
JavaScript error: https://s3.eu-central-1.amazonaws.com/sc-devel/sc-tagmanager/filmaffinity.js, line 170: ReferenceError: bottomrightSlot is not defined
JavaScript error: https://securepubads.g.doubleclick.net/gpt/pubads_impl_2021032901.js?31060640, line 6: uncaught exception: undefined
JavaScript error: https://s3.eu-central-1.amazonaws.com/sc-devel/sc-tagmanager/filmaffinity.js, line 170: ReferenceError: bottomrightSlot is not defined
JavaScript error: https://s3.eu-central-1.amazonaws.com/sc-devel/sc-tagmanager/filmaffinity.js, line 170: ReferenceError: bottomrightSlot is not defined
JavaScript error: https://s3.eu-central-1.amazonaws.com/sc-devel/sc-tagmanager/filmaffinity.js, line 170: ReferenceError: bottomrightSlot is not defined
JavaScript error: https://s3.eu-central-1.amazonaws.com/sc-devel/sc-tagmanager/filmaffinity.js, line 170: ReferenceError: bottomrightSlot is not defined
JavaScript error: https://s3.eu-central-1.amazonaws.com/sc-devel/sc-tagmanager/filmaffinity.js, line 170: ReferenceError: bottomrightSlot is not defined
JavaScript error: https://s3.eu-central-1.amazonaws.com/sc-devel/sc-tagmanager/filmaffinity.js, line 170: ReferenceError: bottomrightSlot is not defined
JavaScript error: https://s3.eu-central-1.amazonaws.com/sc-devel/sc-tagmanager/filmaffinity.js, line 170: ReferenceError: bottomrightSlot is not defined
JavaScript error: https://s3.eu-central-1.amazonaws.com/sc-devel/sc-tagmanager/filmaffinity.js, line 170: ReferenceError: bottomrightSlot is not defined
console.error: "Error while calling actor 'pagestyle's method 'getApplied'" "node is null"
console.error: "getApplied@resource://devtools/server/actors/page-style.js:571:5\nhandler@resource://devtools/shared/protocol/Actor.js:172:37\nonPacket@resource://devtools/server/devtools-server-connection.js:379:58\nreceiveMessage@resource://devtools/shared/transport/child-transport.js:68:16\n"
console.error: (new TypeError("currentNode is null", "resource://devtools/client/inspector/shared/style-change-tracker.js", 66))
TypeError: currentNode is null: canMutationImpactCurrentStyles@resource://devtools/client/inspector/shared/style-change-tracker.js:66:20
onMutations@resource://devtools/client/inspector/shared/style-change-tracker.js:84:41
_emit@resource://devtools/shared/event-emitter.js:226:34
emit@resource://devtools/shared/event-emitter.js:172:18
emit@resource://devtools/shared/event-emitter.js:324:18
getMutations@resource://devtools/client/fronts/walker.js:358:10

console.error: (new Error("Protocol error (TypeError): node is null from: server0.conn0.child3/pagestyle32 (resource://devtools/server/actors/page-style.js:571:5)", "resource://devtools/shared/protocol/Front.js", 361))
console.error: "Error while calling actor 'pagestyle's method 'getLayout'" "node is null"
console.error: "getLayout@resource://devtools/server/actors/page-style.js:1002:5\nhandler@resource://devtools/shared/protocol/Actor.js:172:37\nonPacket@resource://devtools/server/devtools-server-connection.js:379:58\nreceiveMessage@resource://devtools/shared/transport/child-transport.js:68:16\n"
console.error: (new Error("Protocol error (TypeError): node is null from: server0.conn0.child3/pagestyle32 (resource://devtools/server/actors/page-style.js:1002:5)", "resource://devtools/shared/protocol/Front.js", 361))
console.error: (new TypeError("currentNode is null", "resource://devtools/client/inspector/shared/style-change-tracker.js", 66))
TypeError: currentNode is null: canMutationImpactCurrentStyles@resource://devtools/client/inspector/shared/style-change-tracker.js:66:20
onMutations@resource://devtools/client/inspector/shared/style-change-tracker.js:84:41
_emit@resource://devtools/shared/event-emitter.js:226:34
emit@resource://devtools/shared/event-emitter.js:172:18
emit@resource://devtools/shared/event-emitter.js:324:18
getMutations@resource://devtools/client/fronts/walker.js:358:10

console.error: (new TypeError("currentNode is null", "resource://devtools/client/inspector/shared/style-change-tracker.js", 66))
TypeError: currentNode is null: canMutationImpactCurrentStyles@resource://devtools/client/inspector/shared/style-change-tracker.js:66:20
onMutations@resource://devtools/client/inspector/shared/style-change-tracker.js:84:41
_emit@resource://devtools/shared/event-emitter.js:226:34
emit@resource://devtools/shared/event-emitter.js:172:18
emit@resource://devtools/shared/event-emitter.js:324:18
getMutations@resource://devtools/client/fronts/walker.js:358:10

console.error: "Error while calling actor 'pagestyle's method 'getLayout'" "node is null"
console.error: "getLayout@resource://devtools/server/actors/page-style.js:1002:5\nhandler@resource://devtools/shared/protocol/Actor.js:172:37\nonPacket@resource://devtools/server/devtools-server-connection.js:379:58\nreceiveMessage@resource://devtools/shared/transport/child-transport.js:68:16\n"
console.error: (new TypeError("currentNode is null", "resource://devtools/client/inspector/shared/style-change-tracker.js", 66))
TypeError: currentNode is null: canMutationImpactCurrentStyles@resource://devtools/client/inspector/shared/style-change-tracker.js:66:20
onMutations@resource://devtools/client/inspector/shared/style-change-tracker.js:84:41
_emit@resource://devtools/shared/event-emitter.js:226:34
emit@resource://devtools/shared/event-emitter.js:172:18
emit@resource://devtools/shared/event-emitter.js:324:18
getMutations@resource://devtools/client/fronts/walker.js:358:10

console.error: (new Error("Protocol error (TypeError): node is null from: server0.conn0.child3/pagestyle32 (resource://devtools/server/actors/page-style.js:1002:5)", "resource://devtools/shared/protocol/Front.js", 361))
console.error: (new TypeError("currentNode is null", "resource://devtools/client/inspector/shared/style-change-tracker.js", 66))
TypeError: currentNode is null: canMutationImpactCurrentStyles@resource://devtools/client/inspector/shared/style-change-tracker.js:66:20
onMutations@resource://devtools/client/inspector/shared/style-change-tracker.js:84:41
_emit@resource://devtools/shared/event-emitter.js:226:34
emit@resource://devtools/shared/event-emitter.js:172:18
emit@resource://devtools/shared/event-emitter.js:324:18
getMutations@resource://devtools/client/fronts/walker.js:358:10

console.error: "Error while calling actor 'pagestyle's method 'getLayout'" "node is null"
console.error: "getLayout@resource://devtools/server/actors/page-style.js:1002:5\nhandler@resource://devtools/shared/protocol/Actor.js:172:37\nonPacket@resource://devtools/server/devtools-server-connection.js:379:58\nreceiveMessage@resource://devtools/shared/transport/child-transport.js:68:16\n"
console.error: (new Error("Protocol error (TypeError): node is null from: server0.conn0.child3/pagestyle32 (resource://devtools/server/actors/page-style.js:1002:5)", "resource://devtools/shared/protocol/Front.js", 361))
console.error: (new TypeError("currentNode is null", "resource://devtools/client/inspector/shared/style-change-tracker.js", 66))
TypeError: currentNode is null: canMutationImpactCurrentStyles@resource://devtools/client/inspector/shared/style-change-tracker.js:66:20
onMutations@resource://devtools/client/inspector/shared/style-change-tracker.js:84:41
_emit@resource://devtools/shared/event-emitter.js:226:34
emit@resource://devtools/shared/event-emitter.js:172:18
emit@resource://devtools/shared/event-emitter.js:324:18
getMutations@resource://devtools/client/fronts/walker.js:358:10

console.error: (new TypeError("currentNode is null", "resource://devtools/client/inspector/shared/style-change-tracker.js", 66))
TypeError: currentNode is null: canMutationImpactCurrentStyles@resource://devtools/client/inspector/shared/style-change-tracker.js:66:20
onMutations@resource://devtools/client/inspector/shared/style-change-tracker.js:84:41
_emit@resource://devtools/shared/event-emitter.js:226:34
emit@resource://devtools/shared/event-emitter.js:172:18
emit@resource://devtools/shared/event-emitter.js:324:18
getMutations@resource://devtools/client/fronts/walker.js:358:10

console.error: "Error while calling actor 'pagestyle's method 'getApplied'" "node is null"
console.error: "getApplied@resource://devtools/server/actors/page-style.js:571:5\nhandler@resource://devtools/shared/protocol/Actor.js:172:37\nonPacket@resource://devtools/server/devtools-server-connection.js:379:58\nreceiveMessage@resource://devtools/shared/transport/child-transport.js:68:16\n"
console.error: (new Error("Protocol error (TypeError): node is null from: server0.conn0.child3/pagestyle32 (resource://devtools/server/actors/page-style.js:571:5)", "resource://devtools/shared/protocol/Front.js", 361))
Exiting due to channel error.
Exiting due to channel error.
Exiting due to channel error.
1617115258597	mozrunner::runner	INFO	Running command: "/Applications/Firefox.app/Contents/MacOS/firefox-bin" "-marionette" "-foreground" "-no-remote" "-profile" "/var/folders/ly/_5m_vd292bbfrnsbyv7c2qt00000gn/T/rust_mozprofileHVDsPv"
console.warn: SearchSettings: "get: No settings file exists, new profile?" (new Error("", "(unknown module)"))
1617115261104	Marionette	INFO	Listening on port 61351
1617115261208	Marionette	WARN	TLS certificate errors will be ignored for this session
JavaScript error: https://s3.eu-central-1.amazonaws.com/sc-devel/sc-tagmanager/filmaffinity.js, line 170: ReferenceError: bottomrightSlot is not defined
JavaScript error: https://s3.eu-central-1.amazonaws.com/sc-devel/sc-tagmanager/filmaffinity.js, line 170: ReferenceError: bottomrightSlot is not defined
JavaScript error: https://s3.eu-central-1.amazonaws.com/sc-devel/sc-tagmanager/filmaffinity.js, line 170: ReferenceError: bottomrightSlot is not defined
JavaScript error: https://s3.eu-central-1.amazonaws.com/sc-devel/sc-tagmanager/filmaffinity.js, line 170: ReferenceError: bottomrightSlot is not defined
JavaScript error: https://s3.eu-central-1.amazonaws.com/sc-devel/sc-tagmanager/filmaffinity.js, line 170: ReferenceError: bottomrightSlot is not defined
JavaScript error: https://s3.eu-central-1.amazonaws.com/sc-devel/sc-tagmanager/filmaffinity.js, line 170: ReferenceError: bottomrightSlot is not defined
JavaScript error: https://s3.eu-central-1.amazonaws.com/sc-devel/sc-tagmanager/filmaffinity.js, line 170: ReferenceError: bottomrightSlot is not defined
JavaScript error: https://s3.eu-central-1.amazonaws.com/sc-devel/sc-tagmanager/filmaffinity.js, line 170: ReferenceError: bottomrightSlot is not defined
JavaScript error: https://s3.eu-central-1.amazonaws.com/sc-devel/sc-tagmanager/filmaffinity.js, line 170: ReferenceError: bottomrightSlot is not defined
JavaScript error: https://s3.eu-central-1.amazonaws.com/sc-devel/sc-tagmanager/filmaffinity.js, line 170: ReferenceError: bottomrightSlot is not defined
JavaScript error: https://s3.eu-central-1.amazonaws.com/sc-devel/sc-tagmanager/filmaffinity.js, line 170: ReferenceError: bottomrightSlot is not defined
JavaScript error: https://s3.eu-central-1.amazonaws.com/sc-devel/sc-tagmanager/filmaffinity.js, line 170: ReferenceError: bottomrightSlot is not defined
JavaScript error: https://s3.eu-central-1.amazonaws.com/sc-devel/sc-tagmanager/filmaffinity.js, line 170: ReferenceError: bottomrightSlot is not defined
JavaScript error: https://s3.eu-central-1.amazonaws.com/sc-devel/sc-tagmanager/filmaffinity.js, line 170: ReferenceError: bottomrightSlot is not defined
JavaScript error: https://s3.eu-central-1.amazonaws.com/sc-devel/sc-tagmanager/filmaffinity.js, line 170: ReferenceError: bottomrightSlot is not defined
console.log: WebExtensions: reset-default-search: No addons in our list are installed.
JavaScript error: https://s3.eu-central-1.amazonaws.com/sc-devel/sc-tagmanager/filmaffinity.js, line 170: ReferenceError: bottomrightSlot is not defined
JavaScript error: https://s3.eu-central-1.amazonaws.com/sc-devel/sc-tagmanager/filmaffinity.js, line 170: ReferenceError: bottomrightSlot is not defined
JavaScript error: https://s3.eu-central-1.amazonaws.com/sc-devel/sc-tagmanager/filmaffinity.js, line 170: ReferenceError: bottomrightSlot is not defined
JavaScript error: https://s3.eu-central-1.amazonaws.com/sc-devel/sc-tagmanager/filmaffinity.js, line 170: ReferenceError: bottomrightSlot is not defined
JavaScript error: https://s3.eu-central-1.amazonaws.com/sc-devel/sc-tagmanager/filmaffinity.js, line 170: ReferenceError: bottomrightSlot is not defined
JavaScript error: https://s3.eu-central-1.amazonaws.com/sc-devel/sc-tagmanager/filmaffinity.js, line 170: ReferenceError: bottomrightSlot is not defined
JavaScript error: https://s3.eu-central-1.amazonaws.com/sc-devel/sc-tagmanager/filmaffinity.js, line 170: ReferenceError: bottomrightSlot is not defined
JavaScript error: https://s3.eu-central-1.amazonaws.com/sc-devel/sc-tagmanager/filmaffinity.js, line 170: ReferenceError: bottomrightSlot is not defined
JavaScript error: https://s3.eu-central-1.amazonaws.com/sc-devel/sc-tagmanager/filmaffinity.js, line 170: ReferenceError: bottomrightSlot is not defined
JavaScript error: https://s3.eu-central-1.amazonaws.com/sc-devel/sc-tagmanager/filmaffinity.js, line 170: ReferenceError: bottomrightSlot is not defined
console.error: (new TypeError("currentNode is null", "resource://devtools/client/inspector/shared/style-change-tracker.js", 66))
TypeError: currentNode is null: canMutationImpactCurrentStyles@resource://devtools/client/inspector/shared/style-change-tracker.js:66:20
onMutations@resource://devtools/client/inspector/shared/style-change-tracker.js:84:41
_emit@resource://devtools/shared/event-emitter.js:226:34
emit@resource://devtools/shared/event-emitter.js:172:18
emit@resource://devtools/shared/event-emitter.js:324:18
getMutations@resource://devtools/client/fronts/walker.js:358:10

console.error: (new TypeError("currentNode is null", "resource://devtools/client/inspector/shared/style-change-tracker.js", 66))
TypeError: currentNode is null: canMutationImpactCurrentStyles@resource://devtools/client/inspector/shared/style-change-tracker.js:66:20
onMutations@resource://devtools/client/inspector/shared/style-change-tracker.js:84:41
_emit@resource://devtools/shared/event-emitter.js:226:34
emit@resource://devtools/shared/event-emitter.js:172:18
emit@resource://devtools/shared/event-emitter.js:324:18
getMutations@resource://devtools/client/fronts/walker.js:358:10

console.error: (new TypeError("currentNode is null", "resource://devtools/client/inspector/shared/style-change-tracker.js", 66))
TypeError: currentNode is null: canMutationImpactCurrentStyles@resource://devtools/client/inspector/shared/style-change-tracker.js:66:20
onMutations@resource://devtools/client/inspector/shared/style-change-tracker.js:84:41
_emit@resource://devtools/shared/event-emitter.js:226:34
emit@resource://devtools/shared/event-emitter.js:172:18
emit@resource://devtools/shared/event-emitter.js:324:18
getMutations@resource://devtools/client/fronts/walker.js:358:10

console.error: "Error writing request: getGrids"
console.error: (new TypeError("currentNode is null", "resource://devtools/client/inspector/shared/style-change-tracker.js", 66))
TypeError: currentNode is null: canMutationImpactCurrentStyles@resource://devtools/client/inspector/shared/style-change-tracker.js:66:20
onMutations@resource://devtools/client/inspector/shared/style-change-tracker.js:84:41
_emit@resource://devtools/shared/event-emitter.js:226:34
emit@resource://devtools/shared/event-emitter.js:172:18
emit@resource://devtools/shared/event-emitter.js:324:18
getMutations@resource://devtools/client/fronts/walker.js:358:10

console.error: "Error while calling actor 'pagestyle's method 'getLayout'" "node is null"
console.error: "getLayout@resource://devtools/server/actors/page-style.js:1002:5\nhandler@resource://devtools/shared/protocol/Actor.js:172:37\nonPacket@resource://devtools/server/devtools-server-connection.js:379:58\nreceiveMessage@resource://devtools/shared/transport/child-transport.js:68:16\n"
console.error: (new Error("Protocol error (TypeError): node is null from: server0.conn0.child3/pagestyle31 (resource://devtools/server/actors/page-style.js:1002:5)", "resource://devtools/shared/protocol/Front.js", 361))
console.error: (new TypeError("currentNode is null", "resource://devtools/client/inspector/shared/style-change-tracker.js", 66))
TypeError: currentNode is null: canMutationImpactCurrentStyles@resource://devtools/client/inspector/shared/style-change-tracker.js:66:20
onMutations@resource://devtools/client/inspector/shared/style-change-tracker.js:84:41
_emit@resource://devtools/shared/event-emitter.js:226:34
emit@resource://devtools/shared/event-emitter.js:172:18
emit@resource://devtools/shared/event-emitter.js:324:18
getMutations@resource://devtools/client/fronts/walker.js:358:10

console.error: "Error while calling actor 'pagestyle's method 'getApplied'" "node is null"
console.error: "getApplied@resource://devtools/server/actors/page-style.js:571:5\nhandler@resource://devtools/shared/protocol/Actor.js:172:37\nonPacket@resource://devtools/server/devtools-server-connection.js:379:58\nreceiveMessage@resource://devtools/shared/transport/child-transport.js:68:16\n"
console.error: (new Error("Protocol error (TypeError): node is null from: server0.conn0.child3/pagestyle31 (resource://devtools/server/actors/page-style.js:571:5)", "resource://devtools/shared/protocol/Front.js", 361))
console.error: "Error writing request: getGrids"
console.error: (new TypeError("currentNode is null", "resource://devtools/client/inspector/shared/style-change-tracker.js", 66))
TypeError: currentNode is null: canMutationImpactCurrentStyles@resource://devtools/client/inspector/shared/style-change-tracker.js:66:20
onMutations@resource://devtools/client/inspector/shared/style-change-tracker.js:84:41
_emit@resource://devtools/shared/event-emitter.js:226:34
emit@resource://devtools/shared/event-emitter.js:172:18
emit@resource://devtools/shared/event-emitter.js:324:18
getMutations@resource://devtools/client/fronts/walker.js:358:10

console.error: (new TypeError("currentNode is null", "resource://devtools/client/inspector/shared/style-change-tracker.js", 66))
TypeError: currentNode is null: canMutationImpactCurrentStyles@resource://devtools/client/inspector/shared/style-change-tracker.js:66:20
onMutations@resource://devtools/client/inspector/shared/style-change-tracker.js:84:41
_emit@resource://devtools/shared/event-emitter.js:226:34
emit@resource://devtools/shared/event-emitter.js:172:18
emit@resource://devtools/shared/event-emitter.js:324:18
getMutations@resource://devtools/client/fronts/walker.js:358:10

console.error: "Error while calling actor 'pagestyle's method 'getLayout'" "node is null"
console.error: "getLayout@resource://devtools/server/actors/page-style.js:1002:5\nhandler@resource://devtools/shared/protocol/Actor.js:172:37\nonPacket@resource://devtools/server/devtools-server-connection.js:379:58\nreceiveMessage@resource://devtools/shared/transport/child-transport.js:68:16\n"
console.error: (new Error("Protocol error (TypeError): node is null from: server0.conn0.child3/pagestyle31 (resource://devtools/server/actors/page-style.js:1002:5)", "resource://devtools/shared/protocol/Front.js", 361))
console.error: (new TypeError("currentNode is null", "resource://devtools/client/inspector/shared/style-change-tracker.js", 66))
TypeError: currentNode is null: canMutationImpactCurrentStyles@resource://devtools/client/inspector/shared/style-change-tracker.js:66:20
onMutations@resource://devtools/client/inspector/shared/style-change-tracker.js:84:41
_emit@resource://devtools/shared/event-emitter.js:226:34
emit@resource://devtools/shared/event-emitter.js:172:18
emit@resource://devtools/shared/event-emitter.js:324:18
getMutations@resource://devtools/client/fronts/walker.js:358:10

console.error: (new TypeError("currentNode is null", "resource://devtools/client/inspector/shared/style-change-tracker.js", 66))
TypeError: currentNode is null: canMutationImpactCurrentStyles@resource://devtools/client/inspector/shared/style-change-tracker.js:66:20
onMutations@resource://devtools/client/inspector/shared/style-change-tracker.js:84:41
_emit@resource://devtools/shared/event-emitter.js:226:34
emit@resource://devtools/shared/event-emitter.js:172:18
emit@resource://devtools/shared/event-emitter.js:324:18
getMutations@resource://devtools/client/fronts/walker.js:358:10

console.error: (new TypeError("currentNode is null", "resource://devtools/client/inspector/shared/style-change-tracker.js", 66))
TypeError: currentNode is null: canMutationImpactCurrentStyles@resource://devtools/client/inspector/shared/style-change-tracker.js:66:20
onMutations@resource://devtools/client/inspector/shared/style-change-tracker.js:84:41
_emit@resource://devtools/shared/event-emitter.js:226:34
emit@resource://devtools/shared/event-emitter.js:172:18
emit@resource://devtools/shared/event-emitter.js:324:18
getMutations@resource://devtools/client/fronts/walker.js:358:10

console.error: "Error writing request: getGrids"
console.error: "Error while calling actor 'pagestyle's method 'getLayout'" "node is null"
console.error: "getLayout@resource://devtools/server/actors/page-style.js:1002:5\nhandler@resource://devtools/shared/protocol/Actor.js:172:37\nonPacket@resource://devtools/server/devtools-server-connection.js:379:58\nreceiveMessage@resource://devtools/shared/transport/child-transport.js:68:16\n"
console.error: (new Error("Protocol error (TypeError): node is null from: server0.conn0.child3/pagestyle31 (resource://devtools/server/actors/page-style.js:1002:5)", "resource://devtools/shared/protocol/Front.js", 361))
console.error: (new TypeError("currentNode is null", "resource://devtools/client/inspector/shared/style-change-tracker.js", 66))
TypeError: currentNode is null: canMutationImpactCurrentStyles@resource://devtools/client/inspector/shared/style-change-tracker.js:66:20
onMutations@resource://devtools/client/inspector/shared/style-change-tracker.js:84:41
_emit@resource://devtools/shared/event-emitter.js:226:34
emit@resource://devtools/shared/event-emitter.js:172:18
emit@resource://devtools/shared/event-emitter.js:324:18
getMutations@resource://devtools/client/fronts/walker.js:358:10

console.error: "Error while calling actor 'layout's method 'getGrids'" "node is null"
console.error: "getGrids@resource://devtools/server/actors/layout.js:502:26\ngetGrids@resource://devtools/server/actors/layout.js:507:43\ngetGrids@resource://devtools/server/actors/layout.js:507:43\nhandler@resource://devtools/shared/protocol/Actor.js:172:37\nonPacket@resource://devtools/server/devtools-server-connection.js:379:58\nreceiveMessage@resource://devtools/shared/transport/child-transport.js:68:16\n"
JavaScript error: https://s3.eu-central-1.amazonaws.com/sc-devel/sc-tagmanager/filmaffinity.js, line 170: ReferenceError: bottomrightSlot is not defined
JavaScript error: https://s3.eu-central-1.amazonaws.com/sc-devel/sc-tagmanager/filmaffinity.js, line 170: ReferenceError: bottomrightSlot is not defined
console.error: "Error while calling actor 'pagestyle's method 'getLayout'" "node is null"
console.error: "getLayout@resource://devtools/server/actors/page-style.js:1002:5\nhandler@resource://devtools/shared/protocol/Actor.js:172:37\nonPacket@resource://devtools/server/devtools-server-connection.js:379:58\nreceiveMessage@resource://devtools/shared/transport/child-transport.js:68:16\n"
console.error: (new Error("Protocol error (TypeError): node is null from: server0.conn0.child3/pagestyle31 (resource://devtools/server/actors/page-style.js:1002:5)", "resource://devtools/shared/protocol/Front.js", 361))
JavaScript error: https://s3.eu-central-1.amazonaws.com/sc-devel/sc-tagmanager/filmaffinity.js, line 170: ReferenceError: bottomrightSlot is not defined
console.error: (new TypeError("currentNode is null", "resource://devtools/client/inspector/shared/style-change-tracker.js", 66))
TypeError: currentNode is null: canMutationImpactCurrentStyles@resource://devtools/client/inspector/shared/style-change-tracker.js:66:20
onMutations@resource://devtools/client/inspector/shared/style-change-tracker.js:84:41
_emit@resource://devtools/shared/event-emitter.js:226:34
emit@resource://devtools/shared/event-emitter.js:172:18
emit@resource://devtools/shared/event-emitter.js:324:18
getMutations@resource://devtools/client/fronts/walker.js:358:10

console.error: (new TypeError("currentNode is null", "resource://devtools/client/inspector/shared/style-change-tracker.js", 66))
TypeError: currentNode is null: canMutationImpactCurrentStyles@resource://devtools/client/inspector/shared/style-change-tracker.js:66:20
onMutations@resource://devtools/client/inspector/shared/style-change-tracker.js:84:41
_emit@resource://devtools/shared/event-emitter.js:226:34
emit@resource://devtools/shared/event-emitter.js:172:18
emit@resource://devtools/shared/event-emitter.js:324:18
getMutations@resource://devtools/client/fronts/walker.js:358:10

console.error: "Error while calling actor 'pagestyle's method 'getApplied'" "node is null"
console.error: "getApplied@resource://devtools/server/actors/page-style.js:571:5\nhandler@resource://devtools/shared/protocol/Actor.js:172:37\nonPacket@resource://devtools/server/devtools-server-connection.js:379:58\nreceiveMessage@resource://devtools/shared/transport/child-transport.js:68:16\n"
console.error: (new Error("Protocol error (TypeError): node is null from: server0.conn0.child3/pagestyle31 (resource://devtools/server/actors/page-style.js:571:5)", "resource://devtools/shared/protocol/Front.js", 361))
console.error: (new TypeError("currentNode is null", "resource://devtools/client/inspector/shared/style-change-tracker.js", 66))
TypeError: currentNode is null: canMutationImpactCurrentStyles@resource://devtools/client/inspector/shared/style-change-tracker.js:66:20
onMutations@resource://devtools/client/inspector/shared/style-change-tracker.js:84:41
_emit@resource://devtools/shared/event-emitter.js:226:34
emit@resource://devtools/shared/event-emitter.js:172:18
emit@resource://devtools/shared/event-emitter.js:324:18
getMutations@resource://devtools/client/fronts/walker.js:358:10

console.error: (new TypeError("currentNode is null", "resource://devtools/client/inspector/shared/style-change-tracker.js", 66))
TypeError: currentNode is null: canMutationImpactCurrentStyles@resource://devtools/client/inspector/shared/style-change-tracker.js:66:20
onMutations@resource://devtools/client/inspector/shared/style-change-tracker.js:84:41
_emit@resource://devtools/shared/event-emitter.js:226:34
emit@resource://devtools/shared/event-emitter.js:172:18
emit@resource://devtools/shared/event-emitter.js:324:18
getMutations@resource://devtools/client/fronts/walker.js:358:10

console.error: (new TypeError("currentNode is null", "resource://devtools/client/inspector/shared/style-change-tracker.js", 66))
TypeError: currentNode is null: canMutationImpactCurrentStyles@resource://devtools/client/inspector/shared/style-change-tracker.js:66:20
onMutations@resource://devtools/client/inspector/shared/style-change-tracker.js:84:41
_emit@resource://devtools/shared/event-emitter.js:226:34
emit@resource://devtools/shared/event-emitter.js:172:18
emit@resource://devtools/shared/event-emitter.js:324:18
getMutations@resource://devtools/client/fronts/walker.js:358:10

console.error: (new TypeError("currentNode is null", "resource://devtools/client/inspector/shared/style-change-tracker.js", 66))
TypeError: currentNode is null: canMutationImpactCurrentStyles@resource://devtools/client/inspector/shared/style-change-tracker.js:66:20
onMutations@resource://devtools/client/inspector/shared/style-change-tracker.js:84:41
_emit@resource://devtools/shared/event-emitter.js:226:34
emit@resource://devtools/shared/event-emitter.js:172:18
emit@resource://devtools/shared/event-emitter.js:324:18
getMutations@resource://devtools/client/fronts/walker.js:358:10

console.error: "Error while calling actor 'pagestyle's method 'getLayout'" "node is null"
console.error: "getLayout@resource://devtools/server/actors/page-style.js:1002:5\nhandler@resource://devtools/shared/protocol/Actor.js:172:37\nonPacket@resource://devtools/server/devtools-server-connection.js:379:58\nreceiveMessage@resource://devtools/shared/transport/child-transport.js:68:16\n"
console.error: (new Error("Protocol error (TypeError): node is null from: server0.conn0.child3/pagestyle31 (resource://devtools/server/actors/page-style.js:1002:5)", "resource://devtools/shared/protocol/Front.js", 361))
JavaScript error: https://securepubads.g.doubleclick.net/gpt/pubads_impl_2021032202.js, line 6: uncaught exception: undefined
console.error: "Error while calling actor 'pagestyle's method 'getApplied'" "node is null"
console.error: "getApplied@resource://devtools/server/actors/page-style.js:571:5\nhandler@resource://devtools/shared/protocol/Actor.js:172:37\nonPacket@resource://devtools/server/devtools-server-connection.js:379:58\nreceiveMessage@resource://devtools/shared/transport/child-transport.js:68:16\n"
console.error: (new TypeError("currentNode is null", "resource://devtools/client/inspector/shared/style-change-tracker.js", 66))
TypeError: currentNode is null: canMutationImpactCurrentStyles@resource://devtools/client/inspector/shared/style-change-tracker.js:66:20
onMutations@resource://devtools/client/inspector/shared/style-change-tracker.js:84:41
_emit@resource://devtools/shared/event-emitter.js:226:34
emit@resource://devtools/shared/event-emitter.js:172:18
emit@resource://devtools/shared/event-emitter.js:324:18
getMutations@resource://devtools/client/fronts/walker.js:358:10

console.error: (new Error("Protocol error (TypeError): node is null from: server0.conn0.child3/pagestyle31 (resource://devtools/server/actors/page-style.js:571:5)", "resource://devtools/shared/protocol/Front.js", 361))
console.error: (new TypeError("currentNode is null", "resource://devtools/client/inspector/shared/style-change-tracker.js", 66))
TypeError: currentNode is null: canMutationImpactCurrentStyles@resource://devtools/client/inspector/shared/style-change-tracker.js:66:20
onMutations@resource://devtools/client/inspector/shared/style-change-tracker.js:84:41
_emit@resource://devtools/shared/event-emitter.js:226:34
emit@resource://devtools/shared/event-emitter.js:172:18
emit@resource://devtools/shared/event-emitter.js:324:18
getMutations@resource://devtools/client/fronts/walker.js:358:10

console.error: "Error while calling actor 'pagestyle's method 'getApplied'" "node is null"
console.error: "getApplied@resource://devtools/server/actors/page-style.js:571:5\nhandler@resource://devtools/shared/protocol/Actor.js:172:37\nonPacket@resource://devtools/server/devtools-server-connection.js:379:58\nreceiveMessage@resource://devtools/shared/transport/child-transport.js:68:16\n"
console.error: (new Error("Protocol error (TypeError): node is null from: server0.conn0.child3/pagestyle31 (resource://devtools/server/actors/page-style.js:571:5)", "resource://devtools/shared/protocol/Front.js", 361))
console.error: (new TypeError("currentNode is null", "resource://devtools/client/inspector/shared/style-change-tracker.js", 66))
TypeError: currentNode is null: canMutationImpactCurrentStyles@resource://devtools/client/inspector/shared/style-change-tracker.js:66:20
onMutations@resource://devtools/client/inspector/shared/style-change-tracker.js:84:41
_emit@resource://devtools/shared/event-emitter.js:226:34
emit@resource://devtools/shared/event-emitter.js:172:18
emit@resource://devtools/shared/event-emitter.js:324:18
getMutations@resource://devtools/client/fronts/walker.js:358:10

console.error: (new TypeError("currentNode is null", "resource://devtools/client/inspector/shared/style-change-tracker.js", 66))
TypeError: currentNode is null: canMutationImpactCurrentStyles@resource://devtools/client/inspector/shared/style-change-tracker.js:66:20
onMutations@resource://devtools/client/inspector/shared/style-change-tracker.js:84:41
_emit@resource://devtools/shared/event-emitter.js:226:34
emit@resource://devtools/shared/event-emitter.js:172:18
emit@resource://devtools/shared/event-emitter.js:324:18
getMutations@resource://devtools/client/fronts/walker.js:358:10

console.error: "Error while calling actor 'pagestyle's method 'getLayout'" "node is null"
console.error: "getLayout@resource://devtools/server/actors/page-style.js:1002:5\nhandler@resource://devtools/shared/protocol/Actor.js:172:37\nonPacket@resource://devtools/server/devtools-server-connection.js:379:58\nreceiveMessage@resource://devtools/shared/transport/child-transport.js:68:16\n"
console.error: (new TypeError("currentNode is null", "resource://devtools/client/inspector/shared/style-change-tracker.js", 66))
TypeError: currentNode is null: canMutationImpactCurrentStyles@resource://devtools/client/inspector/shared/style-change-tracker.js:66:20
onMutations@resource://devtools/client/inspector/shared/style-change-tracker.js:84:41
_emit@resource://devtools/shared/event-emitter.js:226:34
emit@resource://devtools/shared/event-emitter.js:172:18
emit@resource://devtools/shared/event-emitter.js:324:18
getMutations@resource://devtools/client/fronts/walker.js:358:10

console.error: (new Error("Protocol error (TypeError): node is null from: server0.conn0.child3/pagestyle31 (resource://devtools/server/actors/page-style.js:1002:5)", "resource://devtools/shared/protocol/Front.js", 361))
console.error: (new TypeError("currentNode is null", "resource://devtools/client/inspector/shared/style-change-tracker.js", 66))
TypeError: currentNode is null: canMutationImpactCurrentStyles@resource://devtools/client/inspector/shared/style-change-tracker.js:66:20
onMutations@resource://devtools/client/inspector/shared/style-change-tracker.js:84:41
_emit@resource://devtools/shared/event-emitter.js:226:34
emit@resource://devtools/shared/event-emitter.js:172:18
emit@resource://devtools/shared/event-emitter.js:324:18
getMutations@resource://devtools/client/fronts/walker.js:358:10

console.error: (new TypeError("currentNode is null", "resource://devtools/client/inspector/shared/style-change-tracker.js", 66))
TypeError: currentNode is null: canMutationImpactCurrentStyles@resource://devtools/client/inspector/shared/style-change-tracker.js:66:20
onMutations@resource://devtools/client/inspector/shared/style-change-tracker.js:84:41
_emit@resource://devtools/shared/event-emitter.js:226:34
emit@resource://devtools/shared/event-emitter.js:172:18
emit@resource://devtools/shared/event-emitter.js:324:18
getMutations@resource://devtools/client/fronts/walker.js:358:10

JavaScript error: resource:///actors/ContentMetaChild.jsm, line 179: InvalidStateError: JSWindowActorChild.sendAsyncMessage: JSWindowActorChild cannot send at the moment
console.error: (new TypeError("currentNode is null", "resource://devtools/client/inspector/shared/style-change-tracker.js", 66))
TypeError: currentNode is null: canMutationImpactCurrentStyles@resource://devtools/client/inspector/shared/style-change-tracker.js:66:20
onMutations@resource://devtools/client/inspector/shared/style-change-tracker.js:84:41
_emit@resource://devtools/shared/event-emitter.js:226:34
emit@resource://devtools/shared/event-emitter.js:172:18
emit@resource://devtools/shared/event-emitter.js:324:18
getMutations@resource://devtools/client/fronts/walker.js:358:10

JavaScript error: https://s3.eu-central-1.amazonaws.com/sc-devel/sc-tagmanager/filmaffinity.js, line 170: ReferenceError: bottomrightSlot is not defined
JavaScript error: https://s3.eu-central-1.amazonaws.com/sc-devel/sc-tagmanager/filmaffinity.js, line 170: ReferenceError: bottomrightSlot is not defined
JavaScript error: https://s3.eu-central-1.amazonaws.com/sc-devel/sc-tagmanager/filmaffinity.js, line 170: ReferenceError: bottomrightSlot is not defined
JavaScript error: https://s3.eu-central-1.amazonaws.com/sc-devel/sc-tagmanager/filmaffinity.js, line 170: ReferenceError: bottomrightSlot is not defined
JavaScript error: https://s3.eu-central-1.amazonaws.com/sc-devel/sc-tagmanager/filmaffinity.js, line 170: ReferenceError: bottomrightSlot is not defined
JavaScript error: https://s3.eu-central-1.amazonaws.com/sc-devel/sc-tagmanager/filmaffinity.js, line 170: ReferenceError: bottomrightSlot is not defined
JavaScript error: https://s3.eu-central-1.amazonaws.com/sc-devel/sc-tagmanager/filmaffinity.js, line 170: ReferenceError: bottomrightSlot is not defined
JavaScript error: https://s3.eu-central-1.amazonaws.com/sc-devel/sc-tagmanager/filmaffinity.js, line 170: ReferenceError: bottomrightSlot is not defined
console.error: (new TypeError("currentNode is null", "resource://devtools/client/inspector/shared/style-change-tracker.js", 66))
TypeError: currentNode is null: canMutationImpactCurrentStyles@resource://devtools/client/inspector/shared/style-change-tracker.js:66:20
onMutations@resource://devtools/client/inspector/shared/style-change-tracker.js:84:41
_emit@resource://devtools/shared/event-emitter.js:226:34
emit@resource://devtools/shared/event-emitter.js:172:18
emit@resource://devtools/shared/event-emitter.js:324:18
getMutations@resource://devtools/client/fronts/walker.js:358:10

JavaScript error: https://s3.eu-central-1.amazonaws.com/sc-devel/sc-tagmanager/filmaffinity.js, line 170: ReferenceError: bottomrightSlot is not defined
JavaScript error: https://s3.eu-central-1.amazonaws.com/sc-devel/sc-tagmanager/filmaffinity.js, line 170: ReferenceError: bottomrightSlot is not defined
JavaScript error: https://s3.eu-central-1.amazonaws.com/sc-devel/sc-tagmanager/filmaffinity.js, line 170: ReferenceError: bottomrightSlot is not defined
JavaScript error: https://s3.eu-central-1.amazonaws.com/sc-devel/sc-tagmanager/filmaffinity.js, line 170: ReferenceError: bottomrightSlot is not defined
JavaScript error: https://s3.eu-central-1.amazonaws.com/sc-devel/sc-tagmanager/filmaffinity.js, line 170: ReferenceError: bottomrightSlot is not defined
JavaScript error: https://s3.eu-central-1.amazonaws.com/sc-devel/sc-tagmanager/filmaffinity.js, line 170: ReferenceError: bottomrightSlot is not defined
JavaScript error: https://s3.eu-central-1.amazonaws.com/sc-devel/sc-tagmanager/filmaffinity.js, line 170: ReferenceError: bottomrightSlot is not defined
JavaScript error: https://s3.eu-central-1.amazonaws.com/sc-devel/sc-tagmanager/filmaffinity.js, line 170: ReferenceError: bottomrightSlot is not defined
JavaScript error: https://s3.eu-central-1.amazonaws.com/sc-devel/sc-tagmanager/filmaffinity.js, line 170: ReferenceError: bottomrightSlot is not defined
JavaScript error: https://s3.eu-central-1.amazonaws.com/sc-devel/sc-tagmanager/filmaffinity.js, line 170: ReferenceError: bottomrightSlot is not defined
JavaScript error: https://s3.eu-central-1.amazonaws.com/sc-devel/sc-tagmanager/filmaffinity.js, line 170: ReferenceError: bottomrightSlot is not defined
JavaScript error: https://s3.eu-central-1.amazonaws.com/sc-devel/sc-tagmanager/filmaffinity.js, line 170: ReferenceError: bottomrightSlot is not defined
JavaScript error: https://s3.eu-central-1.amazonaws.com/sc-devel/sc-tagmanager/filmaffinity.js, line 170: ReferenceError: bottomrightSlot is not defined
JavaScript error: https://s3.eu-central-1.amazonaws.com/sc-devel/sc-tagmanager/filmaffinity.js, line 170: ReferenceError: bottomrightSlot is not defined
JavaScript error: https://s3.eu-central-1.amazonaws.com/sc-devel/sc-tagmanager/filmaffinity.js, line 170: ReferenceError: bottomrightSlot is not defined
JavaScript error: https://s3.eu-central-1.amazonaws.com/sc-devel/sc-tagmanager/filmaffinity.js, line 170: ReferenceError: bottomrightSlot is not defined
JavaScript error: https://s3.eu-central-1.amazonaws.com/sc-devel/sc-tagmanager/filmaffinity.js, line 170: ReferenceError: bottomrightSlot is not defined
JavaScript error: https://s3.eu-central-1.amazonaws.com/sc-devel/sc-tagmanager/filmaffinity.js, line 170: ReferenceError: bottomrightSlot is not defined
JavaScript error: https://s3.eu-central-1.amazonaws.com/sc-devel/sc-tagmanager/filmaffinity.js, line 170: ReferenceError: bottomrightSlot is not defined
1617117148931	Marionette	INFO	Stopped listening on port 61351
1617119240996	mozrunner::runner	INFO	Running command: "/Applications/Firefox.app/Contents/MacOS/firefox-bin" "-marionette" "-foreground" "-no-remote" "-profile" "/var/folders/ly/_5m_vd292bbfrnsbyv7c2qt00000gn/T/rust_mozprofileluybYD"
console.warn: SearchSettings: "get: No settings file exists, new profile?" (new Error("", "(unknown module)"))
1617119243361	Marionette	INFO	Listening on port 62279
1617119243407	Marionette	WARN	TLS certificate errors will be ignored for this session
1617119248669	Marionette	INFO	Stopped listening on port 62279
1617119277897	mozrunner::runner	INFO	Running command: "/Applications/Firefox.app/Contents/MacOS/firefox-bin" "-marionette" "-foreground" "-no-remote" "-profile" "/var/folders/ly/_5m_vd292bbfrnsbyv7c2qt00000gn/T/rust_mozprofileK24UW8"
console.warn: SearchSettings: "get: No settings file exists, new profile?" (new Error("", "(unknown module)"))
1617119280524	Marionette	INFO	Listening on port 62369
1617119280622	Marionette	WARN	TLS certificate errors will be ignored for this session
1617119287026	Marionette	INFO	Stopped listening on port 62369
1617759177351	mozrunner::runner	INFO	Running command: "/Applications/Firefox.app/Contents/MacOS/firefox-bin" "-marionette" "-foreground" "-no-remote" "-profile" "/var/folders/ly/_5m_vd292bbfrnsbyv7c2qt00000gn/T/rust_mozprofilezIW0I2"
console.warn: SearchSettings: "get: No settings file exists, new profile?" (new Error("", "(unknown module)"))
1617759180243	Marionette	INFO	Listening on port 57592
1617759180284	Marionette	WARN	TLS certificate errors will be ignored for this session
JavaScript warning: https://www.filmaffinity.com/js/jquery/jquery-1.10.2.min.js, line 2: Using //@ to indicate sourceMappingURL pragmas is deprecated. Use //# instead
console.log: WebExtensions: reset-default-search: No addons in our list are installed.
1617761644461	Marionette	INFO	Stopped listening on port 57592
1617831885330	mozrunner::runner	INFO	Running command: "/Applications/Firefox.app/Contents/MacOS/firefox-bin" "-marionette" "-foreground" "-no-remote" "-profile" "/var/folders/ly/_5m_vd292bbfrnsbyv7c2qt00000gn/T/rust_mozprofileSRdqHo"
console.warn: SearchSettings: "get: No settings file exists, new profile?" (new Error("", "(unknown module)"))
1617831888460	Marionette	INFO	Listening on port 49691
1617831888491	Marionette	WARN	TLS certificate errors will be ignored for this session
JavaScript error: resource://devtools/client/jsonview/Sniffer.jsm, line 56: NS_ERROR_NOT_AVAILABLE: Component returned failure code: 0x80040111 (NS_ERROR_NOT_AVAILABLE) [nsIChannel.contentType]
1617832390463	Marionette	WARN	Ignoring event 'DOMContentLoaded' because document has an invalid readyState of 'complete'.
console.log: WebExtensions: reset-default-search: No addons in our list are installed.
1617832419673	mozrunner::runner	INFO	Running command: "/Applications/Firefox.app/Contents/MacOS/firefox-bin" "-marionette" "-foreground" "-no-remote" "-profile" "/var/folders/ly/_5m_vd292bbfrnsbyv7c2qt00000gn/T/rust_mozprofileURHzDf"
console.warn: SearchSettings: "get: No settings file exists, new profile?" (new Error("", "(unknown module)"))
1617832421997	Marionette	INFO	Listening on port 49969
1617832422088	Marionette	WARN	TLS certificate errors will be ignored for this session
1617832427081	Marionette	INFO	Stopped listening on port 49969
JavaScript error: https://s3.eu-central-1.amazonaws.com/sc-devel/sc-tagmanager/filmaffinity.js, line 170: ReferenceError: bottomrightSlot is not defined
JavaScript error: https://s3.eu-central-1.amazonaws.com/sc-devel/sc-tagmanager/filmaffinity.js, line 170: ReferenceError: bottomrightSlot is not defined
1617832466962	mozrunner::runner	INFO	Running command: "/Applications/Firefox.app/Contents/MacOS/firefox-bin" "-marionette" "-foreground" "-no-remote" "-profile" "/var/folders/ly/_5m_vd292bbfrnsbyv7c2qt00000gn/T/rust_mozprofileFjrpJ4"
console.warn: SearchSettings: "get: No settings file exists, new profile?" (new Error("", "(unknown module)"))
1617832469257	Marionette	INFO	Listening on port 50053
1617832469369	Marionette	WARN	TLS certificate errors will be ignored for this session
1617832473937	Marionette	INFO	Stopped listening on port 50053
JavaScript error: https://s3.eu-central-1.amazonaws.com/sc-devel/sc-tagmanager/filmaffinity.js, line 170: ReferenceError: bottomrightSlot is not defined
JavaScript error: https://s3.eu-central-1.amazonaws.com/sc-devel/sc-tagmanager/filmaffinity.js, line 170: ReferenceError: bottomrightSlot is not defined
1617832546026	mozrunner::runner	INFO	Running command: "/Applications/Firefox.app/Contents/MacOS/firefox-bin" "-marionette" "-foreground" "-no-remote" "-profile" "/var/folders/ly/_5m_vd292bbfrnsbyv7c2qt00000gn/T/rust_mozprofile4csfpF"
console.warn: SearchSettings: "get: No settings file exists, new profile?" (new Error("", "(unknown module)"))
1617832548357	Marionette	INFO	Listening on port 50137
1617832548432	Marionette	WARN	TLS certificate errors will be ignored for this session
JavaScript error: https://s3.eu-central-1.amazonaws.com/sc-devel/sc-tagmanager/filmaffinity.js, line 170: ReferenceError: bottomrightSlot is not defined
1617832552257	Marionette	INFO	Stopped listening on port 50137
JavaScript error: https://s3.eu-central-1.amazonaws.com/sc-devel/sc-tagmanager/filmaffinity.js, line 170: ReferenceError: bottomrightSlot is not defined
JavaScript error: https://s3.eu-central-1.amazonaws.com/sc-devel/sc-tagmanager/filmaffinity.js, line 170: ReferenceError: bottomrightSlot is not defined
JavaScript error: https://s3.eu-central-1.amazonaws.com/sc-devel/sc-tagmanager/filmaffinity.js, line 170: ReferenceError: bottomrightSlot is not defined
JavaScript error: https://s3.eu-central-1.amazonaws.com/sc-devel/sc-tagmanager/filmaffinity.js, line 170: ReferenceError: bottomrightSlot is not defined
1617832695173	mozrunner::runner	INFO	Running command: "/Applications/Firefox.app/Contents/MacOS/firefox-bin" "-marionette" "-foreground" "-no-remote" "-profile" "/var/folders/ly/_5m_vd292bbfrnsbyv7c2qt00000gn/T/rust_mozprofileTLK7zO"
console.warn: SearchSettings: "get: No settings file exists, new profile?" (new Error("", "(unknown module)"))
1617832697478	Marionette	INFO	Listening on port 50225
1617832697574	Marionette	WARN	TLS certificate errors will be ignored for this session
JavaScript error: https://s3.eu-central-1.amazonaws.com/sc-devel/sc-tagmanager/filmaffinity.js, line 170: ReferenceError: bottomrightSlot is not defined
1617832702751	Marionette	INFO	Stopped listening on port 50225
1617832728294	mozrunner::runner	INFO	Running command: "/Applications/Firefox.app/Contents/MacOS/firefox-bin" "-marionette" "-foreground" "-no-remote" "-profile" "/var/folders/ly/_5m_vd292bbfrnsbyv7c2qt00000gn/T/rust_mozprofileuSpdoR"
JavaScript error: https://s3.eu-central-1.amazonaws.com/sc-devel/sc-tagmanager/filmaffinity.js, line 170: ReferenceError: bottomrightSlot is not defined
console.warn: SearchSettings: "get: No settings file exists, new profile?" (new Error("", "(unknown module)"))
1617832730569	Marionette	INFO	Listening on port 50309
1617832730594	Marionette	WARN	TLS certificate errors will be ignored for this session
1617832735657	Marionette	INFO	Stopped listening on port 50309
JavaScript error: https://s3.eu-central-1.amazonaws.com/sc-devel/sc-tagmanager/filmaffinity.js, line 170: ReferenceError: bottomrightSlot is not defined
JavaScript error: https://s3.eu-central-1.amazonaws.com/sc-devel/sc-tagmanager/filmaffinity.js, line 170: ReferenceError: bottomrightSlot is not defined
JavaScript error: https://s3.eu-central-1.amazonaws.com/sc-devel/sc-tagmanager/filmaffinity.js, line 170: ReferenceError: bottomrightSlot is not defined
1617832830089	mozrunner::runner	INFO	Running command: "/Applications/Firefox.app/Contents/MacOS/firefox-bin" "-marionette" "-foreground" "-no-remote" "-profile" "/var/folders/ly/_5m_vd292bbfrnsbyv7c2qt00000gn/T/rust_mozprofileQZnTKv"
console.warn: SearchSettings: "get: No settings file exists, new profile?" (new Error("", "(unknown module)"))
1617832832402	Marionette	INFO	Listening on port 50402
1617832832505	Marionette	WARN	TLS certificate errors will be ignored for this session
1617833340347	Marionette	INFO	Stopped listening on port 50402
Exiting due to channel error.
Exiting due to channel error.
1617978882895	mozrunner::runner	INFO	Running command: "/Applications/Firefox.app/Contents/MacOS/firefox-bin" "-marionette" "-foreground" "-no-remote" "-profile" "/var/folders/ly/_5m_vd292bbfrnsbyv7c2qt00000gn/T/rust_mozprofileUEODvT"
console.warn: SearchSettings: "get: No settings file exists, new profile?" (new Error("", "(unknown module)"))
1617978886053	Marionette	INFO	Listening on port 51583
1617978886150	Marionette	WARN	TLS certificate errors will be ignored for this session
1617978890788	Marionette	INFO	Stopped listening on port 51583
1617979677868	mozrunner::runner	INFO	Running command: "/Applications/Firefox.app/Contents/MacOS/firefox-bin" "-marionette" "-foreground" "-no-remote" "-profile" "/var/folders/ly/_5m_vd292bbfrnsbyv7c2qt00000gn/T/rust_mozprofileMW7OPK"
console.warn: SearchSettings: "get: No settings file exists, new profile?" (new Error("", "(unknown module)"))
1617979680205	Marionette	INFO	Listening on port 51702
1617979680277	Marionette	WARN	TLS certificate errors will be ignored for this session
1617979732262	Marionette	INFO	Stopped listening on port 51702

###!!! [Parent][RunMessage] Error: Channel closing: too late to send/recv, messages will be lost

1617979749249	mozrunner::runner	INFO	Running command: "/Applications/Firefox.app/Contents/MacOS/firefox-bin" "-marionette" "-foreground" "-no-remote" "-profile" "/var/folders/ly/_5m_vd292bbfrnsbyv7c2qt00000gn/T/rust_mozprofileSwXdBe"
console.warn: SearchSettings: "get: No settings file exists, new profile?" (new Error("", "(unknown module)"))
1617979751583	Marionette	INFO	Listening on port 51836
1617979751655	Marionette	WARN	TLS certificate errors will be ignored for this session
1617979756922	Marionette	INFO	Stopped listening on port 51836
1617979871983	mozrunner::runner	INFO	Running command: "/Applications/Firefox.app/Contents/MacOS/firefox-bin" "-marionette" "-foreground" "-no-remote" "-profile" "/var/folders/ly/_5m_vd292bbfrnsbyv7c2qt00000gn/T/rust_mozprofilehBb1Qt"
console.warn: SearchSettings: "get: No settings file exists, new profile?" (new Error("", "(unknown module)"))
1617979874360	Marionette	INFO	Listening on port 51923
1617979874380	Marionette	WARN	TLS certificate errors will be ignored for this session
1617979878115	Marionette	INFO	Stopped listening on port 51923
